<?xml version="1.0" encoding="UTF-8"?>
<!-- Generated by org.testng.reporters.JUnitReportReporter -->
<testsuite skipped="0" hostname="DESKTOP-NIGE62D" name="com.essa.testSuite.Test_Login" tests="2" failures="0" timestamp="10 四月 2018 10:27:19 GMT" time="18.800" errors="0">
  <testcase name="login" time="9.690" classname="com.essa.testSuite.Test_Login"/>
  <testcase name="login" time="9.110" classname="com.essa.testSuite.Test_Login"/>
</testsuite> <!-- com.essa.testSuite.Test_Login -->
