<?xml version="1.0" encoding="UTF-8"?>
<!-- Generated by org.testng.reporters.JUnitReportReporter -->
<testsuite skipped="0" hostname="DESKTOP-NIGE62D" name="com.essa.testSuite.Test_Login" tests="2" failures="0" timestamp="10 四月 2018 10:26:02 GMT" time="19.609" errors="0">
  <testcase name="login" time="8.676" classname="com.essa.testSuite.Test_Login"/>
  <testcase name="login" time="10.933" classname="com.essa.testSuite.Test_Login"/>
</testsuite> <!-- com.essa.testSuite.Test_Login -->
